<?xml version="1.0" encoding="UTF-8"?>
<robot generator="Robot 3.1.2 (Python 3.7.0 on win32)" generated="20200330 20:01:36.967" rpa="false">
<suite id="s1" name="Configure ospf" source="C:\Users\Kadhim\Desktop\Robot-framework\Test cases\Configure_ospf">
<suite id="s1-s1" name="EVE NG" source="C:\Users\Kadhim\Desktop\Robot-framework\Test cases\Configure_ospf\EVE_NG.robot">
<test id="s1-s1-t1" name="Robot First Test Case">
<kw name="Open Browser" library="SeleniumLibrary">
<doc>Opens a new browser instance to the optional ``url``.</doc>
<arguments>
<arg>${URL}</arg>
<arg>${Browser}</arg>
</arguments>
<msg timestamp="20200330 20:01:37.093" level="INFO">Opening browser 'Chrome' to base url 'https://10.1.1.150/#/login'.</msg>
<status status="PASS" starttime="20200330 20:01:37.092" endtime="20200330 20:01:42.341"></status>
</kw>
<kw name="Maximize Browser Window" library="SeleniumLibrary">
<doc>Maximizes current browser window.</doc>
<status status="PASS" starttime="20200330 20:01:42.342" endtime="20200330 20:01:46.478"></status>
</kw>
<kw name="Click Button" library="SeleniumLibrary">
<doc>Clicks the button identified by ``locator``.</doc>
<arguments>
<arg>xpath://button[@id='details-button']</arg>
</arguments>
<msg timestamp="20200330 20:01:46.480" level="INFO">Clicking button 'xpath://button[@id='details-button']'.</msg>
<status status="PASS" starttime="20200330 20:01:46.479" endtime="20200330 20:01:46.571"></status>
</kw>
<kw name="Click Link" library="SeleniumLibrary">
<doc>Clicks a link identified by ``locator``.</doc>
<arguments>
<arg>xpath://a[@id='proceed-link']</arg>
</arguments>
<msg timestamp="20200330 20:01:46.572" level="INFO">Clicking link 'xpath://a[@id='proceed-link']'.</msg>
<status status="PASS" starttime="20200330 20:01:46.571" endtime="20200330 20:01:47.206"></status>
</kw>
<kw name="Sleep" library="BuiltIn">
<doc>Pauses the test executed for the given time.</doc>
<arguments>
<arg>5 seconds</arg>
</arguments>
<msg timestamp="20200330 20:01:52.207" level="INFO">Slept 5 seconds</msg>
<status status="PASS" starttime="20200330 20:01:47.207" endtime="20200330 20:01:52.207"></status>
</kw>
<kw name="Input Text" library="SeleniumLibrary">
<doc>Types the given ``text`` into the text field identified by ``locator``.</doc>
<arguments>
<arg>xpath://input[@ng-model='username']</arg>
<arg>admin-user</arg>
</arguments>
<msg timestamp="20200330 20:01:52.208" level="INFO">Typing text 'admin-user' into text field 'xpath://input[@ng-model='username']'.</msg>
<status status="PASS" starttime="20200330 20:01:52.208" endtime="20200330 20:01:52.333"></status>
</kw>
<kw name="Sleep" library="BuiltIn">
<doc>Pauses the test executed for the given time.</doc>
<arguments>
<arg>5 seconds</arg>
</arguments>
<msg timestamp="20200330 20:01:57.336" level="INFO">Slept 5 seconds</msg>
<status status="PASS" starttime="20200330 20:01:52.334" endtime="20200330 20:01:57.336"></status>
</kw>
<kw name="Input Text" library="SeleniumLibrary">
<doc>Types the given ``text`` into the text field identified by ``locator``.</doc>
<arguments>
<arg>xpath://input[@ng-model='password']</arg>
<arg>Z@in@bKadJyou@2017</arg>
</arguments>
<msg timestamp="20200330 20:01:57.337" level="INFO">Typing text 'Z@in@bKadJyou@2017' into text field 'xpath://input[@ng-model='password']'.</msg>
<status status="PASS" starttime="20200330 20:01:57.337" endtime="20200330 20:01:57.495"></status>
</kw>
<kw name="Sleep" library="BuiltIn">
<doc>Pauses the test executed for the given time.</doc>
<arguments>
<arg>5 seconds</arg>
</arguments>
<msg timestamp="20200330 20:02:02.495" level="INFO">Slept 5 seconds</msg>
<status status="PASS" starttime="20200330 20:01:57.495" endtime="20200330 20:02:02.495"></status>
</kw>
<kw name="Click Button" library="SeleniumLibrary">
<doc>Clicks the button identified by ``locator``.</doc>
<arguments>
<arg>xpath://button[@id='btnlogin']</arg>
</arguments>
<msg timestamp="20200330 20:02:02.497" level="INFO">Clicking button 'xpath://button[@id='btnlogin']'.</msg>
<status status="PASS" starttime="20200330 20:02:02.496" endtime="20200330 20:02:02.613"></status>
</kw>
<kw name="Sleep" library="BuiltIn">
<doc>Pauses the test executed for the given time.</doc>
<arguments>
<arg>15 seconds</arg>
</arguments>
<msg timestamp="20200330 20:02:17.616" level="INFO">Slept 15 seconds</msg>
<status status="PASS" starttime="20200330 20:02:02.613" endtime="20200330 20:02:17.616"></status>
</kw>
<kw name="Click Link" library="SeleniumLibrary">
<doc>Clicks a link identified by ``locator``.</doc>
<arguments>
<arg>xpath=(//a[@class="pointer ng-binding"])[16]</arg>
</arguments>
<msg timestamp="20200330 20:02:17.616" level="INFO">Clicking link 'xpath=(//a[@class="pointer ng-binding"])[16]'.</msg>
<status status="PASS" starttime="20200330 20:02:17.616" endtime="20200330 20:02:17.672"></status>
</kw>
<kw name="Sleep" library="BuiltIn">
<doc>Pauses the test executed for the given time.</doc>
<arguments>
<arg>20 seconds</arg>
</arguments>
<msg timestamp="20200330 20:02:37.673" level="INFO">Slept 20 seconds</msg>
<status status="PASS" starttime="20200330 20:02:17.673" endtime="20200330 20:02:37.673"></status>
</kw>
<kw name="Click Element" library="SeleniumLibrary">
<doc>Click the element identified by ``locator``.</doc>
<arguments>
<arg>//button[@class="btn btn-primary btn-flat ng-scope"]</arg>
</arguments>
<msg timestamp="20200330 20:02:37.675" level="INFO">Clicking element '//button[@class="btn btn-primary btn-flat ng-scope"]'.</msg>
<status status="PASS" starttime="20200330 20:02:37.674" endtime="20200330 20:02:37.773"></status>
</kw>
<kw name="Sleep" library="BuiltIn">
<doc>Pauses the test executed for the given time.</doc>
<arguments>
<arg>15 seconds</arg>
</arguments>
<msg timestamp="20200330 20:02:52.776" level="INFO">Slept 15 seconds</msg>
<status status="PASS" starttime="20200330 20:02:37.774" endtime="20200330 20:02:52.776"></status>
</kw>
<kw name="Click Link" library="SeleniumLibrary">
<doc>Clicks a link identified by ``locator``.</doc>
<arguments>
<arg>//a[@title="More actions"]</arg>
</arguments>
<msg timestamp="20200330 20:02:52.777" level="INFO">Clicking link '//a[@title="More actions"]'.</msg>
<status status="PASS" starttime="20200330 20:02:52.777" endtime="20200330 20:02:52.932"></status>
</kw>
<kw name="Click Link" library="SeleniumLibrary">
<doc>Clicks a link identified by ``locator``.</doc>
<arguments>
<arg>xpath=(//a[@href="javascript:void(0)"])[19]</arg>
</arguments>
<msg timestamp="20200330 20:02:52.932" level="INFO">Clicking link 'xpath=(//a[@href="javascript:void(0)"])[19]'.</msg>
<status status="PASS" starttime="20200330 20:02:52.932" endtime="20200330 20:02:53.031"></status>
</kw>
<kw name="Sleep" library="BuiltIn">
<doc>Pauses the test executed for the given time.</doc>
<arguments>
<arg>30 seconds</arg>
</arguments>
<msg timestamp="20200330 20:03:23.033" level="INFO">Slept 30 seconds</msg>
<status status="PASS" starttime="20200330 20:02:53.032" endtime="20200330 20:03:23.033"></status>
</kw>
<kw name="Click Element" library="SeleniumLibrary">
<doc>Click the element identified by ``locator``.</doc>
<arguments>
<arg>xpath=(//img)[12]</arg>
</arguments>
<msg timestamp="20200330 20:03:23.035" level="INFO">Clicking element 'xpath=(//img)[12]'.</msg>
<status status="PASS" starttime="20200330 20:03:23.035" endtime="20200330 20:03:23.179"></status>
</kw>
<kw name="Click Element" library="SeleniumLibrary">
<doc>Click the element identified by ``locator``.</doc>
<arguments>
<arg>//div[@id="framewrap30"]</arg>
</arguments>
<msg timestamp="20200330 20:03:23.179" level="INFO">Clicking element '//div[@id="framewrap30"]'.</msg>
<status status="PASS" starttime="20200330 20:03:23.179" endtime="20200330 20:03:23.379"></status>
</kw>
<kw name="Click Element" library="SeleniumLibrary">
<doc>Click the element identified by ``locator``.</doc>
<arguments>
<arg>xpath=(//img)[3]</arg>
</arguments>
<msg timestamp="20200330 20:03:23.380" level="INFO">Clicking element 'xpath=(//img)[3]'.</msg>
<status status="PASS" starttime="20200330 20:03:23.380" endtime="20200330 20:03:23.911"></status>
</kw>
<kw name="Click Element" library="SeleniumLibrary">
<doc>Click the element identified by ``locator``.</doc>
<arguments>
<arg>//div[@id="framewrap1"]</arg>
</arguments>
<msg timestamp="20200330 20:03:23.912" level="INFO">Clicking element '//div[@id="framewrap1"]'.</msg>
<status status="PASS" starttime="20200330 20:03:23.912" endtime="20200330 20:03:24.404"></status>
</kw>
<kw name="Click Element" library="SeleniumLibrary">
<doc>Click the element identified by ``locator``.</doc>
<arguments>
<arg>xpath=(//img)[5]</arg>
</arguments>
<msg timestamp="20200330 20:03:24.405" level="INFO">Clicking element 'xpath=(//img)[5]'.</msg>
<status status="PASS" starttime="20200330 20:03:24.405" endtime="20200330 20:03:24.520"></status>
</kw>
<kw name="Click Element" library="SeleniumLibrary">
<doc>Click the element identified by ``locator``.</doc>
<arguments>
<arg>//div[@id="framewrap3"]</arg>
</arguments>
<msg timestamp="20200330 20:03:24.522" level="INFO">Clicking element '//div[@id="framewrap3"]'.</msg>
<status status="PASS" starttime="20200330 20:03:24.521" endtime="20200330 20:03:24.803"></status>
</kw>
<kw name="Sleep" library="BuiltIn">
<doc>Pauses the test executed for the given time.</doc>
<arguments>
<arg>300 seconds</arg>
</arguments>
<msg timestamp="20200330 20:08:24.804" level="INFO">Slept 5 minutes</msg>
<status status="PASS" starttime="20200330 20:03:24.803" endtime="20200330 20:08:24.805"></status>
</kw>
<status status="PASS" starttime="20200330 20:01:37.091" endtime="20200330 20:08:24.806" critical="yes"></status>
</test>
<status status="PASS" starttime="20200330 20:01:36.985" endtime="20200330 20:08:24.810"></status>
</suite>
<suite id="s1-s2" name="Ssh" source="C:\Users\Kadhim\Desktop\Robot-framework\Test cases\Configure_ospf\Ssh.robot">
<test id="s1-s2-t1" name="show commands">
<kw name="display ssh connection hosts">
<doc>ssh connection</doc>
<kw name="Enable Ssh" library="enable_ip">
<arguments>
<arg>${hostname1}</arg>
</arguments>
<assign>
<var>${ssh1}</var>
</assign>
<msg timestamp="20200330 20:08:34.809" level="INFO">SSH connection established to 10.1.1.51:22
Interactive SSH session established</msg>
<msg timestamp="20200330 20:08:34.810" level="INFO">${ssh1} = ssh session established!!</msg>
<status status="PASS" starttime="20200330 20:08:25.029" endtime="20200330 20:08:34.810"></status>
</kw>
<kw name="Enable Ssh" library="enable_ip">
<arguments>
<arg>${hostname2}</arg>
</arguments>
<assign>
<var>${ssh2}</var>
</assign>
<msg timestamp="20200330 20:08:44.437" level="INFO">SSH connection established to 10.1.1.52:22
Interactive SSH session established</msg>
<msg timestamp="20200330 20:08:44.437" level="INFO">${ssh2} = ssh session established!!</msg>
<status status="PASS" starttime="20200330 20:08:34.810" endtime="20200330 20:08:44.437"></status>
</kw>
<kw name="Enable Ssh" library="enable_ip">
<arguments>
<arg>${hostname3}</arg>
</arguments>
<assign>
<var>${ssh3}</var>
</assign>
<msg timestamp="20200330 20:08:54.088" level="INFO">SSH connection established to 10.1.1.53:22
Interactive SSH session established</msg>
<msg timestamp="20200330 20:08:54.088" level="INFO">${ssh3} = ssh session established!!</msg>
<status status="PASS" starttime="20200330 20:08:44.437" endtime="20200330 20:08:54.088"></status>
</kw>
<kw name="Log To Console" library="BuiltIn">
<doc>Logs the given message to the console.</doc>
<arguments>
<arg>${ssh1}</arg>
</arguments>
<status status="PASS" starttime="20200330 20:08:54.089" endtime="20200330 20:08:54.090"></status>
</kw>
<kw name="Log To Console" library="BuiltIn">
<doc>Logs the given message to the console.</doc>
<arguments>
<arg>${ssh2}</arg>
</arguments>
<status status="PASS" starttime="20200330 20:08:54.090" endtime="20200330 20:08:54.091"></status>
</kw>
<kw name="Log To Console" library="BuiltIn">
<doc>Logs the given message to the console.</doc>
<arguments>
<arg>${ssh3}</arg>
</arguments>
<status status="PASS" starttime="20200330 20:08:54.091" endtime="20200330 20:08:54.092"></status>
</kw>
<status status="PASS" starttime="20200330 20:08:25.028" endtime="20200330 20:08:54.092"></status>
</kw>
<kw name="display show ip">
<doc>display ip information</doc>
<kw name="Cli" library="enable_ip">
<arguments>
<arg>${hostname1}</arg>
<arg>${show_ip}</arg>
</arguments>
<assign>
<var>${show_ip_R1}</var>
</assign>
<msg timestamp="20200330 20:09:02.822" level="INFO">SSH connection established to 10.1.1.51:22
Interactive SSH session established
['Interface              IP-Address      OK? Method Status                '
 'Protocol\n'
 'GigabitEthernet1       10.1.1.51       YES NVRAM  up                    '
 'up      \n'
 'GigabitEthernet2       unassigned      YES NVRAM  up                    '
 'up      \n'
 'GigabitEthernet3       unassigned      YES NVRAM  up                    '
 'up      \n'
 'GigabitEthernet4       unassigned      YES NVRAM  administratively down '
 'down    ']</msg>
<msg timestamp="20200330 20:09:02.823" level="INFO">${show_ip_R1} = None</msg>
<status status="PASS" starttime="20200330 20:08:54.093" endtime="20200330 20:09:02.823"></status>
</kw>
<kw name="Cli" library="enable_ip">
<arguments>
<arg>${hostname2}</arg>
<arg>${show_ip}</arg>
</arguments>
<assign>
<var>${show_ip_R2}</var>
</assign>
<msg timestamp="20200330 20:09:11.674" level="INFO">SSH connection established to 10.1.1.52:22
Interactive SSH session established
['Interface              IP-Address      OK? Method Status                '
 'Protocol\n'
 'GigabitEthernet1       10.1.1.52       YES NVRAM  up                    '
 'up      \n'
 'GigabitEthernet2       unassigned      YES NVRAM  up                    '
 'up      \n'
 'GigabitEthernet3       unassigned      YES NVRAM  administratively down '
 'down    \n'
 'GigabitEthernet4       unassigned      YES NVRAM  administratively down '
 'down    ']</msg>
<msg timestamp="20200330 20:09:11.674" level="INFO">${show_ip_R2} = None</msg>
<status status="PASS" starttime="20200330 20:09:02.823" endtime="20200330 20:09:11.674"></status>
</kw>
<kw name="Cli" library="enable_ip">
<arguments>
<arg>${hostname3}</arg>
<arg>${show_ip}</arg>
</arguments>
<assign>
<var>${show_ip_R3}</var>
</assign>
<msg timestamp="20200330 20:09:20.513" level="INFO">SSH connection established to 10.1.1.53:22
Interactive SSH session established
['Interface              IP-Address      OK? Method Status                '
 'Protocol\n'
 'GigabitEthernet1       10.1.1.53       YES NVRAM  up                    '
 'up      \n'
 'GigabitEthernet2       unassigned      YES NVRAM  administratively down '
 'down    \n'
 'GigabitEthernet3       unassigned      YES NVRAM  up                    '
 'up      \n'
 'GigabitEthernet4       unassigned      YES NVRAM  administratively down '
 'down    ']</msg>
<msg timestamp="20200330 20:09:20.513" level="INFO">${show_ip_R3} = None</msg>
<status status="PASS" starttime="20200330 20:09:11.675" endtime="20200330 20:09:20.513"></status>
</kw>
<kw name="Log To Console" library="BuiltIn">
<doc>Logs the given message to the console.</doc>
<arguments>
<arg>${show_ip_R1}</arg>
</arguments>
<status status="PASS" starttime="20200330 20:09:20.514" endtime="20200330 20:09:20.514"></status>
</kw>
<kw name="Log To Console" library="BuiltIn">
<doc>Logs the given message to the console.</doc>
<arguments>
<arg>${show_ip_R2}</arg>
</arguments>
<status status="PASS" starttime="20200330 20:09:20.515" endtime="20200330 20:09:20.515"></status>
</kw>
<kw name="Log To Console" library="BuiltIn">
<doc>Logs the given message to the console.</doc>
<arguments>
<arg>${show_ip_R3}</arg>
</arguments>
<status status="PASS" starttime="20200330 20:09:20.515" endtime="20200330 20:09:20.515"></status>
</kw>
<status status="PASS" starttime="20200330 20:08:54.093" endtime="20200330 20:09:20.515"></status>
</kw>
<kw name="display show run">
<doc>show running config</doc>
<kw name="Cli" library="enable_ip">
<arguments>
<arg>${hostname1}</arg>
<arg>${show_run}</arg>
</arguments>
<assign>
<var>${show_run_R1}</var>
</assign>
<msg timestamp="20200330 20:09:29.320" level="INFO">SSH connection established to 10.1.1.51:22
Interactive SSH session established
['Building configuration...\n'
 '\n'
 'Current configuration : 6190 bytes\n'
 '!\n'
 '! Last configuration change at 01:06:17 UTC Tue Mar 31 2020\n'
 '!\n'
 'version 16.11\n'
 'service timestamps debug datetime msec\n'
 'service timestamps log datetime msec\n'
 'service call-home\n'
 'platform qfp utilization monitor load 80\n'
 'no platform punt-keepalive disable-kernel-core\n'
 'platform console serial\n'
 '!\n'
 'hostname R1\n'
 '!\n'
 'boot-start-marker\n'
 'boot-end-marker\n'
 '!\n'
 '!\n'
 '!\n'
 'no aaa new-model\n'
 'call-home\n'
 ' ! If contact email address in call-home is configured as '
 'sch-smart-licensing@cisco.com\n'
 ' ! the email address configured in Cisco Smart License Portal will be used '
 'as contact email address to send SCH notifications.\n'
 ' contact-email-addr sch-smart-licensing@cisco.com\n'
 ' profile "CiscoTAC-1"\n'
 '  active\n'
 '  destination transport-method http\n'
 '  no destination transport-method email\n'
 '!\n'
 '!\n'
 '!\n'
 '!\n'
 '!\n'
 '!\n'
 '!\n'
 'ip domain name test.local\n'
 '!\n'
 '!\n'
 '!\n'
 'login on-success log\n'
 '!\n'
 '!\n'
 '!\n'
 '!\n'
 '!\n'
 '!\n'
 '!\n'
 'subscriber templating\n'
 '! \n'
 '! \n'
 '! \n'
 '! \n'
 '!\n'
 '!\n'
 'multilink bundle-name authenticated\n'
 '!\n'
 '!\n'
 '!\n'
 '!\n'
 '!\n'
 '!\n'
 '!\n'
 '!\n'
 '!\n'
 '!\n'
 '!\n'
 '!\n'
 '!\n'
 'crypto pki trustpoint TP-self-signed-733773171\n'
 ' enrollment selfsigned\n'
 ' subject-name cn=IOS-Self-Signed-Certificate-733773171\n'
 ' revocation-check none\n'
 ' rsakeypair TP-self-signed-733773171\n'
 '!\n'
 'crypto pki trustpoint SLA-TrustPoint\n'
 ' enrollment pkcs12\n'
 ' revocation-check crl\n'
 '!\n'
 '!\n'
 'crypto pki certificate chain TP-self-signed-733773171\n'
 ' certificate self-signed 01\n'
 '  3082032E 30820216 A0030201 02020101 300D0609 2A864886 F70D0101 05050030 \n'
 '  30312E30 2C060355 04031325 494F532D 53656C66 2D536967 6E65642D 43657274 \n'
 '  69666963 6174652D 37333337 37333137 31301E17 0D323030 33323231 35313134 \n'
 '  305A170D 33303031 30313030 30303030 5A303031 2E302C06 03550403 1325494F \n'
 '  532D5365 6C662D53 69676E65 642D4365 72746966 69636174 652D3733 33373733 \n'
 '  31373130 82012230 0D06092A 864886F7 0D010101 05000382 010F0030 82010A02 \n'
 '  82010100 CCF8DFE2 8EAEEE9F F4378EC4 681BBC42 9069CCC8 A9A20039 86B13A84 \n'
 '  5AF5B926 13B2F5BE A6EC9847 BC9C7432 2DF829F4 0E20365E A3A3E09C CDE4ED2D \n'
 '  820A4C6C BFA22E2C 471641AC AEA92397 0BC01BAD 34836EB8 696B3BC1 2A21FEF3 \n'
 '  EF908ED5 C5774D38 6462B6FB 6B02E9CD D696E97B EDC2FAAB 9CC57B46 FBE7CCC8 \n'
 '  D6FE0FB3 167ED097 67B2E832 6F8EE00E E29F8A23 DA18D863 812E8882 DFB88016 \n'
 '  6E9989C8 F9293BA7 D5E18731 30070B20 D09D7EFB F81F1F83 4FEB2E0E 75FCBCAA \n'
 '  166E862A FF26DF0C 0B69C2E8 390528E7 0649A3E0 0CF796E7 3EA194E0 5C953B95 \n'
 '  E2C9817F 25D5FD9F A6D5C47D DAF77282 2B5C0F7B 9274CE3D 34F06684 FB83D881 \n'
 '  3413A347 02030100 01A35330 51300F06 03551D13 0101FF04 05300301 01FF301F \n'
 '  0603551D 23041830 1680140E 0BA4B8BE F3235782 52DF3CBB F114407D 9691D330 \n'
 '  1D060355 1D0E0416 04140E0B A4B8BEF3 23578252 DF3CBBF1 14407D96 91D3300D \n'
 '  06092A86 4886F70D 01010505 00038201 0100B852 3EC1A531 0230BBE0 D97ECF71 \n'
 '  726778F9 B16919CA BCDD7744 A72D17AA 185F6E2D 1DC1CE46 05965EBE 051CB268 \n'
 '  34A9E358 27B85B81 65854868 50FA6282 A373D3DF 93250780 A42F6B64 90A69B23 \n'
 '  AC2C790D 6524D934 68503113 49CC7CA3 7E146614 3B35E180 D406D95D B20969BE \n'
 '  0C556903 78C2C81F BFE284CC D5F2913F 7A23A6D6 4E38D6C0 C538003B F2DFDE37 \n'
 '  FF5DB670 CBBB4E89 E7E6C4E5 E6117127 5F576651 618AAA11 C96D076A 2FAD09B5 \n'
 '  7F741441 AFB77A3A 52FB9FFC E23C477D 3009642F 4894815F C48F1CDA 529CB8EF \n'
 '  6847AE36 B985B3DC 6C41CE5A 4AF33AE8 2CF857FE CE7B0364 C2377713 97188378 \n'
 '  EFC2D958 1F426B4C 8B1F6E4D 186E8BA1 00C5\n'
 '  \tquit\n'
 'crypto pki certificate chain SLA-TrustPoint\n'
 ' certificate ca 01\n'
 '  30820321 30820209 A0030201 02020101 300D0609 2A864886 F70D0101 0B050030 \n'
 '  32310E30 0C060355 040A1305 43697363 6F312030 1E060355 04031317 43697363 \n'
 '  6F204C69 63656E73 696E6720 526F6F74 20434130 1E170D31 33303533 30313934 \n'
 '  3834375A 170D3338 30353330 31393438 34375A30 32310E30 0C060355 040A1305 \n'
 '  43697363 6F312030 1E060355 04031317 43697363 6F204C69 63656E73 696E6720 \n'
 '  526F6F74 20434130 82012230 0D06092A 864886F7 0D010101 05000382 010F0030 \n'
 '  82010A02 82010100 A6BCBD96 131E05F7 145EA72C 2CD686E6 17222EA1 F1EFF64D \n'
 '  CBB4C798 212AA147 C655D8D7 9471380D 8711441E 1AAF071A 9CAE6388 8A38E520 \n'
 '  1C394D78 462EF239 C659F715 B98C0A59 5BBB5CBD 0CFEBEA3 700A8BF7 D8F256EE \n'
 '  4AA4E80D DB6FD1C9 60B1FD18 FFC69C96 6FA68957 A2617DE7 104FDC5F EA2956AC \n'
 '  7390A3EB 2B5436AD C847A2C5 DAB553EB 69A9A535 58E9F3E3 C0BD23CF 58BD7188 \n'
 '  68E69491 20F320E7 948E71D7 AE3BCC84 F10684C7 4BC8E00F 539BA42B 42C68BB7 \n'
 '  C7479096 B4CB2D62 EA2F505D C7B062A4 6811D95B E8250FC4 5D5D5FB8 8F27D191 \n'
 '  C55F0D76 61F9A4CD 3D992327 A8BB03BD 4E6D7069 7CBADF8B DF5F4368 95135E44 \n'
 '  DFC7C6CF 04DD7FD1 02030100 01A34230 40300E06 03551D0F 0101FF04 04030201 \n'
 '  06300F06 03551D13 0101FF04 05300301 01FF301D 0603551D 0E041604 1449DC85 \n'
 '  4B3D31E5 1B3E6A17 606AF333 3D3B4C73 E8300D06 092A8648 86F70D01 010B0500 \n'
 '  03820101 00507F24 D3932A66 86025D9F E838AE5C 6D4DF6B0 49631C78 240DA905 \n'
 '  604EDCDE FF4FED2B 77FC460E CD636FDB DD44681E 3A5673AB 9093D3B1 6C9E3D8B \n'
 '  D98987BF E40CBD9E 1AECA0C2 2189BB5C 8FA85686 CD98B646 5575B146 8DFC66A8 \n'
 '  467A3DF4 4D565700 6ADF0F0D CF835015 3C04FF7C 21E878AC 11BA9CD2 55A9232C \n'
 '  7CA7B7E6 C1AF74F6 152E99B7 B1FCF9BB E973DE7F 5BDDEB86 C71E3B49 1765308B \n'
 '  5FB0DA06 B92AFE7F 494E8A9E 07B85737 F3A58BE1 1A48A229 C37C1E69 39F08678 \n'
 '  80DDCD16 D6BACECA EEBC7CF9 8428787B 35202CDC 60E4616A B623CDBD 230E3AFB \n'
 '  418616A9 4093E049 4D10AB75 27E86F73 932E35B5 8862FDAE 0275156F 719BB2F0 \n'
 '  D697DF7F 28\n'
 '  \tquit\n'
 '!\n'
 'license udi pid CSR1000V sn 9PQ92A7EVOG\n'
 'diagnostic bootup level minimal\n'
 '!\n'
 'spanning-tree extend system-id\n'
 'memory free low-watermark processor 80526\n'
 '!\n'
 '!\n'
 '!\n'
 'username admin privilege 15 secret 9 '
 '$9$Y0kzkNobOviHak$EXVhJi8EQWTB0LI7W2EdWhu8EEaYf0wdXnkGel/YrzU\n'
 '!\n'
 'redundancy\n'
 '!\n'
 '!\n'
 '!\n'
 '!\n'
 '!\n'
 '!\n'
 '! \n'
 '!\n'
 '!\n'
 '!\n'
 '!\n'
 '!\n'
 '!\n'
 '!\n'
 '!\n'
 '!\n'
 '!\n'
 '!\n'
 '!\n'
 '! \n'
 '! \n'
 '!\n'
 '!\n'
 'interface GigabitEthernet1\n'
 ' ip address 10.1.1.51 255.255.255.0\n'
 ' negotiation auto\n'
 ' no mop enabled\n'
 ' no mop sysid\n'
 '!\n'
 'interface GigabitEthernet2\n'
 ' no ip address\n'
 ' negotiation auto\n'
 ' no mop enabled\n'
 ' no mop sysid\n'
 '!\n'
 'interface GigabitEthernet3\n'
 ' no ip address\n'
 ' negotiation auto\n'
 ' no mop enabled\n'
 ' no mop sysid\n'
 '!\n'
 'interface GigabitEthernet4\n'
 ' no ip address\n'
 ' shutdown\n'
 ' negotiation auto\n'
 ' no mop enabled\n'
 ' no mop sysid\n'
 '!\n'
 'ip forward-protocol nd\n'
 'ip http server\n'
 'ip http authentication local\n'
 'ip http secure-server\n'
 '!\n'
 '!\n'
 '!\n'
 '!\n'
 '!\n'
 '!\n'
 '!\n'
 '!\n'
 'control-plane\n'
 '!\n'
 '!\n'
 '!\n'
 '!\n'
 '!\n'
 '!\n'
 'line con 0\n'
 ' stopbits 1\n'
 'line vty 0\n'
 ' privilege level 15\n'
 ' login local\n'
 ' length 0\n'
 'line vty 1 4\n'
 ' privilege level 15\n'
 ' login local\n'
 'line vty 5 15\n'
 ' privilege level 15\n'
 ' login local\n'
 '!\n'
 '!\n'
 '!\n'
 '!\n'
 '!\n'
 '!\n'
 'end\n']</msg>
<msg timestamp="20200330 20:09:29.320" level="INFO">${show_run_R1} = None</msg>
<status status="PASS" starttime="20200330 20:09:20.516" endtime="20200330 20:09:29.320"></status>
</kw>
<kw name="Cli" library="enable_ip">
<arguments>
<arg>${hostname1}</arg>
<arg>${show_run}</arg>
</arguments>
<assign>
<var>${show_run_R2}</var>
</assign>
<msg timestamp="20200330 20:09:38.190" level="INFO">SSH connection established to 10.1.1.51:22
Interactive SSH session established
['Building configuration...\n'
 '\n'
 'Current configuration : 6190 bytes\n'
 '!\n'
 '! Last configuration change at 01:06:17 UTC Tue Mar 31 2020\n'
 '!\n'
 'version 16.11\n'
 'service timestamps debug datetime msec\n'
 'service timestamps log datetime msec\n'
 'service call-home\n'
 'platform qfp utilization monitor load 80\n'
 'no platform punt-keepalive disable-kernel-core\n'
 'platform console serial\n'
 '!\n'
 'hostname R1\n'
 '!\n'
 'boot-start-marker\n'
 'boot-end-marker\n'
 '!\n'
 '!\n'
 '!\n'
 'no aaa new-model\n'
 'call-home\n'
 ' ! If contact email address in call-home is configured as '
 'sch-smart-licensing@cisco.com\n'
 ' ! the email address configured in Cisco Smart License Portal will be used '
 'as contact email address to send SCH notifications.\n'
 ' contact-email-addr sch-smart-licensing@cisco.com\n'
 ' profile "CiscoTAC-1"\n'
 '  active\n'
 '  destination transport-method http\n'
 '  no destination transport-method email\n'
 '!\n'
 '!\n'
 '!\n'
 '!\n'
 '!\n'
 '!\n'
 '!\n'
 'ip domain name test.local\n'
 '!\n'
 '!\n'
 '!\n'
 'login on-success log\n'
 '!\n'
 '!\n'
 '!\n'
 '!\n'
 '!\n'
 '!\n'
 '!\n'
 'subscriber templating\n'
 '! \n'
 '! \n'
 '! \n'
 '! \n'
 '!\n'
 '!\n'
 'multilink bundle-name authenticated\n'
 '!\n'
 '!\n'
 '!\n'
 '!\n'
 '!\n'
 '!\n'
 '!\n'
 '!\n'
 '!\n'
 '!\n'
 '!\n'
 '!\n'
 '!\n'
 'crypto pki trustpoint TP-self-signed-733773171\n'
 ' enrollment selfsigned\n'
 ' subject-name cn=IOS-Self-Signed-Certificate-733773171\n'
 ' revocation-check none\n'
 ' rsakeypair TP-self-signed-733773171\n'
 '!\n'
 'crypto pki trustpoint SLA-TrustPoint\n'
 ' enrollment pkcs12\n'
 ' revocation-check crl\n'
 '!\n'
 '!\n'
 'crypto pki certificate chain TP-self-signed-733773171\n'
 ' certificate self-signed 01\n'
 '  3082032E 30820216 A0030201 02020101 300D0609 2A864886 F70D0101 05050030 \n'
 '  30312E30 2C060355 04031325 494F532D 53656C66 2D536967 6E65642D 43657274 \n'
 '  69666963 6174652D 37333337 37333137 31301E17 0D323030 33323231 35313134 \n'
 '  305A170D 33303031 30313030 30303030 5A303031 2E302C06 03550403 1325494F \n'
 '  532D5365 6C662D53 69676E65 642D4365 72746966 69636174 652D3733 33373733 \n'
 '  31373130 82012230 0D06092A 864886F7 0D010101 05000382 010F0030 82010A02 \n'
 '  82010100 CCF8DFE2 8EAEEE9F F4378EC4 681BBC42 9069CCC8 A9A20039 86B13A84 \n'
 '  5AF5B926 13B2F5BE A6EC9847 BC9C7432 2DF829F4 0E20365E A3A3E09C CDE4ED2D \n'
 '  820A4C6C BFA22E2C 471641AC AEA92397 0BC01BAD 34836EB8 696B3BC1 2A21FEF3 \n'
 '  EF908ED5 C5774D38 6462B6FB 6B02E9CD D696E97B EDC2FAAB 9CC57B46 FBE7CCC8 \n'
 '  D6FE0FB3 167ED097 67B2E832 6F8EE00E E29F8A23 DA18D863 812E8882 DFB88016 \n'
 '  6E9989C8 F9293BA7 D5E18731 30070B20 D09D7EFB F81F1F83 4FEB2E0E 75FCBCAA \n'
 '  166E862A FF26DF0C 0B69C2E8 390528E7 0649A3E0 0CF796E7 3EA194E0 5C953B95 \n'
 '  E2C9817F 25D5FD9F A6D5C47D DAF77282 2B5C0F7B 9274CE3D 34F06684 FB83D881 \n'
 '  3413A347 02030100 01A35330 51300F06 03551D13 0101FF04 05300301 01FF301F \n'
 '  0603551D 23041830 1680140E 0BA4B8BE F3235782 52DF3CBB F114407D 9691D330 \n'
 '  1D060355 1D0E0416 04140E0B A4B8BEF3 23578252 DF3CBBF1 14407D96 91D3300D \n'
 '  06092A86 4886F70D 01010505 00038201 0100B852 3EC1A531 0230BBE0 D97ECF71 \n'
 '  726778F9 B16919CA BCDD7744 A72D17AA 185F6E2D 1DC1CE46 05965EBE 051CB268 \n'
 '  34A9E358 27B85B81 65854868 50FA6282 A373D3DF 93250780 A42F6B64 90A69B23 \n'
 '  AC2C790D 6524D934 68503113 49CC7CA3 7E146614 3B35E180 D406D95D B20969BE \n'
 '  0C556903 78C2C81F BFE284CC D5F2913F 7A23A6D6 4E38D6C0 C538003B F2DFDE37 \n'
 '  FF5DB670 CBBB4E89 E7E6C4E5 E6117127 5F576651 618AAA11 C96D076A 2FAD09B5 \n'
 '  7F741441 AFB77A3A 52FB9FFC E23C477D 3009642F 4894815F C48F1CDA 529CB8EF \n'
 '  6847AE36 B985B3DC 6C41CE5A 4AF33AE8 2CF857FE CE7B0364 C2377713 97188378 \n'
 '  EFC2D958 1F426B4C 8B1F6E4D 186E8BA1 00C5\n'
 '  \tquit\n'
 'crypto pki certificate chain SLA-TrustPoint\n'
 ' certificate ca 01\n'
 '  30820321 30820209 A0030201 02020101 300D0609 2A864886 F70D0101 0B050030 \n'
 '  32310E30 0C060355 040A1305 43697363 6F312030 1E060355 04031317 43697363 \n'
 '  6F204C69 63656E73 696E6720 526F6F74 20434130 1E170D31 33303533 30313934 \n'
 '  3834375A 170D3338 30353330 31393438 34375A30 32310E30 0C060355 040A1305 \n'
 '  43697363 6F312030 1E060355 04031317 43697363 6F204C69 63656E73 696E6720 \n'
 '  526F6F74 20434130 82012230 0D06092A 864886F7 0D010101 05000382 010F0030 \n'
 '  82010A02 82010100 A6BCBD96 131E05F7 145EA72C 2CD686E6 17222EA1 F1EFF64D \n'
 '  CBB4C798 212AA147 C655D8D7 9471380D 8711441E 1AAF071A 9CAE6388 8A38E520 \n'
 '  1C394D78 462EF239 C659F715 B98C0A59 5BBB5CBD 0CFEBEA3 700A8BF7 D8F256EE \n'
 '  4AA4E80D DB6FD1C9 60B1FD18 FFC69C96 6FA68957 A2617DE7 104FDC5F EA2956AC \n'
 '  7390A3EB 2B5436AD C847A2C5 DAB553EB 69A9A535 58E9F3E3 C0BD23CF 58BD7188 \n'
 '  68E69491 20F320E7 948E71D7 AE3BCC84 F10684C7 4BC8E00F 539BA42B 42C68BB7 \n'
 '  C7479096 B4CB2D62 EA2F505D C7B062A4 6811D95B E8250FC4 5D5D5FB8 8F27D191 \n'
 '  C55F0D76 61F9A4CD 3D992327 A8BB03BD 4E6D7069 7CBADF8B DF5F4368 95135E44 \n'
 '  DFC7C6CF 04DD7FD1 02030100 01A34230 40300E06 03551D0F 0101FF04 04030201 \n'
 '  06300F06 03551D13 0101FF04 05300301 01FF301D 0603551D 0E041604 1449DC85 \n'
 '  4B3D31E5 1B3E6A17 606AF333 3D3B4C73 E8300D06 092A8648 86F70D01 010B0500 \n'
 '  03820101 00507F24 D3932A66 86025D9F E838AE5C 6D4DF6B0 49631C78 240DA905 \n'
 '  604EDCDE FF4FED2B 77FC460E CD636FDB DD44681E 3A5673AB 9093D3B1 6C9E3D8B \n'
 '  D98987BF E40CBD9E 1AECA0C2 2189BB5C 8FA85686 CD98B646 5575B146 8DFC66A8 \n'
 '  467A3DF4 4D565700 6ADF0F0D CF835015 3C04FF7C 21E878AC 11BA9CD2 55A9232C \n'
 '  7CA7B7E6 C1AF74F6 152E99B7 B1FCF9BB E973DE7F 5BDDEB86 C71E3B49 1765308B \n'
 '  5FB0DA06 B92AFE7F 494E8A9E 07B85737 F3A58BE1 1A48A229 C37C1E69 39F08678 \n'
 '  80DDCD16 D6BACECA EEBC7CF9 8428787B 35202CDC 60E4616A B623CDBD 230E3AFB \n'
 '  418616A9 4093E049 4D10AB75 27E86F73 932E35B5 8862FDAE 0275156F 719BB2F0 \n'
 '  D697DF7F 28\n'
 '  \tquit\n'
 '!\n'
 'license udi pid CSR1000V sn 9PQ92A7EVOG\n'
 'diagnostic bootup level minimal\n'
 '!\n'
 'spanning-tree extend system-id\n'
 'memory free low-watermark processor 80526\n'
 '!\n'
 '!\n'
 '!\n'
 'username admin privilege 15 secret 9 '
 '$9$Y0kzkNobOviHak$EXVhJi8EQWTB0LI7W2EdWhu8EEaYf0wdXnkGel/YrzU\n'
 '!\n'
 'redundancy\n'
 '!\n'
 '!\n'
 '!\n'
 '!\n'
 '!\n'
 '!\n'
 '! \n'
 '!\n'
 '!\n'
 '!\n'
 '!\n'
 '!\n'
 '!\n'
 '!\n'
 '!\n'
 '!\n'
 '!\n'
 '!\n'
 '!\n'
 '! \n'
 '! \n'
 '!\n'
 '!\n'
 'interface GigabitEthernet1\n'
 ' ip address 10.1.1.51 255.255.255.0\n'
 ' negotiation auto\n'
 ' no mop enabled\n'
 ' no mop sysid\n'
 '!\n'
 'interface GigabitEthernet2\n'
 ' no ip address\n'
 ' negotiation auto\n'
 ' no mop enabled\n'
 ' no mop sysid\n'
 '!\n'
 'interface GigabitEthernet3\n'
 ' no ip address\n'
 ' negotiation auto\n'
 ' no mop enabled\n'
 ' no mop sysid\n'
 '!\n'
 'interface GigabitEthernet4\n'
 ' no ip address\n'
 ' shutdown\n'
 ' negotiation auto\n'
 ' no mop enabled\n'
 ' no mop sysid\n'
 '!\n'
 'ip forward-protocol nd\n'
 'ip http server\n'
 'ip http authentication local\n'
 'ip http secure-server\n'
 '!\n'
 '!\n'
 '!\n'
 '!\n'
 '!\n'
 '!\n'
 '!\n'
 '!\n'
 'control-plane\n'
 '!\n'
 '!\n'
 '!\n'
 '!\n'
 '!\n'
 '!\n'
 'line con 0\n'
 ' stopbits 1\n'
 'line vty 0\n'
 ' privilege level 15\n'
 ' login local\n'
 ' length 0\n'
 'line vty 1 4\n'
 ' privilege level 15\n'
 ' login local\n'
 'line vty 5 15\n'
 ' privilege level 15\n'
 ' login local\n'
 '!\n'
 '!\n'
 '!\n'
 '!\n'
 '!\n'
 '!\n'
 'end\n']</msg>
<msg timestamp="20200330 20:09:38.191" level="INFO">${show_run_R2} = None</msg>
<status status="PASS" starttime="20200330 20:09:29.320" endtime="20200330 20:09:38.191"></status>
</kw>
<kw name="Cli" library="enable_ip">
<arguments>
<arg>${hostname1}</arg>
<arg>${show_run}</arg>
</arguments>
<assign>
<var>${show_run_R3}</var>
</assign>
<msg timestamp="20200330 20:09:47.026" level="INFO">SSH connection established to 10.1.1.51:22
Interactive SSH session established
['Building configuration...\n'
 '\n'
 'Current configuration : 6190 bytes\n'
 '!\n'
 '! Last configuration change at 01:06:17 UTC Tue Mar 31 2020\n'
 '!\n'
 'version 16.11\n'
 'service timestamps debug datetime msec\n'
 'service timestamps log datetime msec\n'
 'service call-home\n'
 'platform qfp utilization monitor load 80\n'
 'no platform punt-keepalive disable-kernel-core\n'
 'platform console serial\n'
 '!\n'
 'hostname R1\n'
 '!\n'
 'boot-start-marker\n'
 'boot-end-marker\n'
 '!\n'
 '!\n'
 '!\n'
 'no aaa new-model\n'
 'call-home\n'
 ' ! If contact email address in call-home is configured as '
 'sch-smart-licensing@cisco.com\n'
 ' ! the email address configured in Cisco Smart License Portal will be used '
 'as contact email address to send SCH notifications.\n'
 ' contact-email-addr sch-smart-licensing@cisco.com\n'
 ' profile "CiscoTAC-1"\n'
 '  active\n'
 '  destination transport-method http\n'
 '  no destination transport-method email\n'
 '!\n'
 '!\n'
 '!\n'
 '!\n'
 '!\n'
 '!\n'
 '!\n'
 'ip domain name test.local\n'
 '!\n'
 '!\n'
 '!\n'
 'login on-success log\n'
 '!\n'
 '!\n'
 '!\n'
 '!\n'
 '!\n'
 '!\n'
 '!\n'
 'subscriber templating\n'
 '! \n'
 '! \n'
 '! \n'
 '! \n'
 '!\n'
 '!\n'
 'multilink bundle-name authenticated\n'
 '!\n'
 '!\n'
 '!\n'
 '!\n'
 '!\n'
 '!\n'
 '!\n'
 '!\n'
 '!\n'
 '!\n'
 '!\n'
 '!\n'
 '!\n'
 'crypto pki trustpoint TP-self-signed-733773171\n'
 ' enrollment selfsigned\n'
 ' subject-name cn=IOS-Self-Signed-Certificate-733773171\n'
 ' revocation-check none\n'
 ' rsakeypair TP-self-signed-733773171\n'
 '!\n'
 'crypto pki trustpoint SLA-TrustPoint\n'
 ' enrollment pkcs12\n'
 ' revocation-check crl\n'
 '!\n'
 '!\n'
 'crypto pki certificate chain TP-self-signed-733773171\n'
 ' certificate self-signed 01\n'
 '  3082032E 30820216 A0030201 02020101 300D0609 2A864886 F70D0101 05050030 \n'
 '  30312E30 2C060355 04031325 494F532D 53656C66 2D536967 6E65642D 43657274 \n'
 '  69666963 6174652D 37333337 37333137 31301E17 0D323030 33323231 35313134 \n'
 '  305A170D 33303031 30313030 30303030 5A303031 2E302C06 03550403 1325494F \n'
 '  532D5365 6C662D53 69676E65 642D4365 72746966 69636174 652D3733 33373733 \n'
 '  31373130 82012230 0D06092A 864886F7 0D010101 05000382 010F0030 82010A02 \n'
 '  82010100 CCF8DFE2 8EAEEE9F F4378EC4 681BBC42 9069CCC8 A9A20039 86B13A84 \n'
 '  5AF5B926 13B2F5BE A6EC9847 BC9C7432 2DF829F4 0E20365E A3A3E09C CDE4ED2D \n'
 '  820A4C6C BFA22E2C 471641AC AEA92397 0BC01BAD 34836EB8 696B3BC1 2A21FEF3 \n'
 '  EF908ED5 C5774D38 6462B6FB 6B02E9CD D696E97B EDC2FAAB 9CC57B46 FBE7CCC8 \n'
 '  D6FE0FB3 167ED097 67B2E832 6F8EE00E E29F8A23 DA18D863 812E8882 DFB88016 \n'
 '  6E9989C8 F9293BA7 D5E18731 30070B20 D09D7EFB F81F1F83 4FEB2E0E 75FCBCAA \n'
 '  166E862A FF26DF0C 0B69C2E8 390528E7 0649A3E0 0CF796E7 3EA194E0 5C953B95 \n'
 '  E2C9817F 25D5FD9F A6D5C47D DAF77282 2B5C0F7B 9274CE3D 34F06684 FB83D881 \n'
 '  3413A347 02030100 01A35330 51300F06 03551D13 0101FF04 05300301 01FF301F \n'
 '  0603551D 23041830 1680140E 0BA4B8BE F3235782 52DF3CBB F114407D 9691D330 \n'
 '  1D060355 1D0E0416 04140E0B A4B8BEF3 23578252 DF3CBBF1 14407D96 91D3300D \n'
 '  06092A86 4886F70D 01010505 00038201 0100B852 3EC1A531 0230BBE0 D97ECF71 \n'
 '  726778F9 B16919CA BCDD7744 A72D17AA 185F6E2D 1DC1CE46 05965EBE 051CB268 \n'
 '  34A9E358 27B85B81 65854868 50FA6282 A373D3DF 93250780 A42F6B64 90A69B23 \n'
 '  AC2C790D 6524D934 68503113 49CC7CA3 7E146614 3B35E180 D406D95D B20969BE \n'
 '  0C556903 78C2C81F BFE284CC D5F2913F 7A23A6D6 4E38D6C0 C538003B F2DFDE37 \n'
 '  FF5DB670 CBBB4E89 E7E6C4E5 E6117127 5F576651 618AAA11 C96D076A 2FAD09B5 \n'
 '  7F741441 AFB77A3A 52FB9FFC E23C477D 3009642F 4894815F C48F1CDA 529CB8EF \n'
 '  6847AE36 B985B3DC 6C41CE5A 4AF33AE8 2CF857FE CE7B0364 C2377713 97188378 \n'
 '  EFC2D958 1F426B4C 8B1F6E4D 186E8BA1 00C5\n'
 '  \tquit\n'
 'crypto pki certificate chain SLA-TrustPoint\n'
 ' certificate ca 01\n'
 '  30820321 30820209 A0030201 02020101 300D0609 2A864886 F70D0101 0B050030 \n'
 '  32310E30 0C060355 040A1305 43697363 6F312030 1E060355 04031317 43697363 \n'
 '  6F204C69 63656E73 696E6720 526F6F74 20434130 1E170D31 33303533 30313934 \n'
 '  3834375A 170D3338 30353330 31393438 34375A30 32310E30 0C060355 040A1305 \n'
 '  43697363 6F312030 1E060355 04031317 43697363 6F204C69 63656E73 696E6720 \n'
 '  526F6F74 20434130 82012230 0D06092A 864886F7 0D010101 05000382 010F0030 \n'
 '  82010A02 82010100 A6BCBD96 131E05F7 145EA72C 2CD686E6 17222EA1 F1EFF64D \n'
 '  CBB4C798 212AA147 C655D8D7 9471380D 8711441E 1AAF071A 9CAE6388 8A38E520 \n'
 '  1C394D78 462EF239 C659F715 B98C0A59 5BBB5CBD 0CFEBEA3 700A8BF7 D8F256EE \n'
 '  4AA4E80D DB6FD1C9 60B1FD18 FFC69C96 6FA68957 A2617DE7 104FDC5F EA2956AC \n'
 '  7390A3EB 2B5436AD C847A2C5 DAB553EB 69A9A535 58E9F3E3 C0BD23CF 58BD7188 \n'
 '  68E69491 20F320E7 948E71D7 AE3BCC84 F10684C7 4BC8E00F 539BA42B 42C68BB7 \n'
 '  C7479096 B4CB2D62 EA2F505D C7B062A4 6811D95B E8250FC4 5D5D5FB8 8F27D191 \n'
 '  C55F0D76 61F9A4CD 3D992327 A8BB03BD 4E6D7069 7CBADF8B DF5F4368 95135E44 \n'
 '  DFC7C6CF 04DD7FD1 02030100 01A34230 40300E06 03551D0F 0101FF04 04030201 \n'
 '  06300F06 03551D13 0101FF04 05300301 01FF301D 0603551D 0E041604 1449DC85 \n'
 '  4B3D31E5 1B3E6A17 606AF333 3D3B4C73 E8300D06 092A8648 86F70D01 010B0500 \n'
 '  03820101 00507F24 D3932A66 86025D9F E838AE5C 6D4DF6B0 49631C78 240DA905 \n'
 '  604EDCDE FF4FED2B 77FC460E CD636FDB DD44681E 3A5673AB 9093D3B1 6C9E3D8B \n'
 '  D98987BF E40CBD9E 1AECA0C2 2189BB5C 8FA85686 CD98B646 5575B146 8DFC66A8 \n'
 '  467A3DF4 4D565700 6ADF0F0D CF835015 3C04FF7C 21E878AC 11BA9CD2 55A9232C \n'
 '  7CA7B7E6 C1AF74F6 152E99B7 B1FCF9BB E973DE7F 5BDDEB86 C71E3B49 1765308B \n'
 '  5FB0DA06 B92AFE7F 494E8A9E 07B85737 F3A58BE1 1A48A229 C37C1E69 39F08678 \n'
 '  80DDCD16 D6BACECA EEBC7CF9 8428787B 35202CDC 60E4616A B623CDBD 230E3AFB \n'
 '  418616A9 4093E049 4D10AB75 27E86F73 932E35B5 8862FDAE 0275156F 719BB2F0 \n'
 '  D697DF7F 28\n'
 '  \tquit\n'
 '!\n'
 'license udi pid CSR1000V sn 9PQ92A7EVOG\n'
 'diagnostic bootup level minimal\n'
 '!\n'
 'spanning-tree extend system-id\n'
 'memory free low-watermark processor 80526\n'
 '!\n'
 '!\n'
 '!\n'
 'username admin privilege 15 secret 9 '
 '$9$Y0kzkNobOviHak$EXVhJi8EQWTB0LI7W2EdWhu8EEaYf0wdXnkGel/YrzU\n'
 '!\n'
 'redundancy\n'
 '!\n'
 '!\n'
 '!\n'
 '!\n'
 '!\n'
 '!\n'
 '! \n'
 '!\n'
 '!\n'
 '!\n'
 '!\n'
 '!\n'
 '!\n'
 '!\n'
 '!\n'
 '!\n'
 '!\n'
 '!\n'
 '!\n'
 '! \n'
 '! \n'
 '!\n'
 '!\n'
 'interface GigabitEthernet1\n'
 ' ip address 10.1.1.51 255.255.255.0\n'
 ' negotiation auto\n'
 ' no mop enabled\n'
 ' no mop sysid\n'
 '!\n'
 'interface GigabitEthernet2\n'
 ' no ip address\n'
 ' negotiation auto\n'
 ' no mop enabled\n'
 ' no mop sysid\n'
 '!\n'
 'interface GigabitEthernet3\n'
 ' no ip address\n'
 ' negotiation auto\n'
 ' no mop enabled\n'
 ' no mop sysid\n'
 '!\n'
 'interface GigabitEthernet4\n'
 ' no ip address\n'
 ' shutdown\n'
 ' negotiation auto\n'
 ' no mop enabled\n'
 ' no mop sysid\n'
 '!\n'
 'ip forward-protocol nd\n'
 'ip http server\n'
 'ip http authentication local\n'
 'ip http secure-server\n'
 '!\n'
 '!\n'
 '!\n'
 '!\n'
 '!\n'
 '!\n'
 '!\n'
 '!\n'
 'control-plane\n'
 '!\n'
 '!\n'
 '!\n'
 '!\n'
 '!\n'
 '!\n'
 'line con 0\n'
 ' stopbits 1\n'
 'line vty 0\n'
 ' privilege level 15\n'
 ' login local\n'
 ' length 0\n'
 'line vty 1 4\n'
 ' privilege level 15\n'
 ' login local\n'
 'line vty 5 15\n'
 ' privilege level 15\n'
 ' login local\n'
 '!\n'
 '!\n'
 '!\n'
 '!\n'
 '!\n'
 '!\n'
 'end\n']</msg>
<msg timestamp="20200330 20:09:47.027" level="INFO">${show_run_R3} = None</msg>
<status status="PASS" starttime="20200330 20:09:38.191" endtime="20200330 20:09:47.027"></status>
</kw>
<kw name="Log To Console" library="BuiltIn">
<doc>Logs the given message to the console.</doc>
<arguments>
<arg>${show_run_R1}</arg>
</arguments>
<status status="PASS" starttime="20200330 20:09:47.027" endtime="20200330 20:09:47.029"></status>
</kw>
<kw name="Log To Console" library="BuiltIn">
<doc>Logs the given message to the console.</doc>
<arguments>
<arg>${show_run_R2}</arg>
</arguments>
<status status="PASS" starttime="20200330 20:09:47.029" endtime="20200330 20:09:47.030"></status>
</kw>
<kw name="Log To Console" library="BuiltIn">
<doc>Logs the given message to the console.</doc>
<arguments>
<arg>${show_run_R3}</arg>
</arguments>
<status status="PASS" starttime="20200330 20:09:47.030" endtime="20200330 20:09:47.031"></status>
</kw>
<status status="PASS" starttime="20200330 20:09:20.516" endtime="20200330 20:09:47.031"></status>
</kw>
<doc>show information</doc>
<status status="PASS" starttime="20200330 20:08:25.027" endtime="20200330 20:09:47.032" critical="yes"></status>
</test>
<test id="s1-s2-t2" name="configuration">
<kw name="configure ip and ospf">
<doc>ip address and ospf configuration</doc>
<kw name="Enable Ip" library="enable_ip">
<arguments>
<arg>R1</arg>
</arguments>
<assign>
<var>${enable_ip_R1}</var>
</assign>
<msg timestamp="20200330 20:10:08.165" level="INFO">Start configure ip on R1
=_=_==_=_==_=_==_=_==_=_==_=_==_=_==_=_==_=_==_=_=
SSH connection established to 10.1.1.51:22
Interactive SSH session established
=_=_==_=_==_=_==_=_==_=_==_=_==_=_==_=_==_=_==_=_=
Pushing the following configuration on R1
=_=_==_=_==_=_==_=_==_=_==_=_==_=_==_=_==_=_==_=_=
Configuring config term
Enter configuration commands, one per line.  End with CNTL/Z.
R1(config)#interface lo0
R1(config-if)#                       ip address 1.1.1.1 255.255.255.255
R1(config-if)#                       exit
R1(config)#                       interface Gi2
R1(config-if)#                       ip address 10.12.12.1 255.255.255.0
R1(config-if)#                       no shut
R1(config-if)#                       exit
R1(config)#                       interface Gi3
R1(config-if)#                       ip address 10.13.13.1 255.255.255.0
R1(config-if)#                       no shut
R1(config-if)#                       exit
R1(config)#end
R1# on  router R1
=_=_==_=_==_=_==_=_==_=_==_=_==_=_==_=_==_=_==_=_=
Saving configuration on R1
=_=_==_=_==_=_==_=_==_=_==_=_==_=_==_=_==_=_==_=_=</msg>
<msg timestamp="20200330 20:10:08.166" level="INFO">${enable_ip_R1} = None</msg>
<status status="PASS" starttime="20200330 20:09:47.035" endtime="20200330 20:10:08.166"></status>
</kw>
<kw name="Enable Ip" library="enable_ip">
<arguments>
<arg>R2</arg>
</arguments>
<assign>
<var>${enable_ip_R2}</var>
</assign>
<msg timestamp="20200330 20:10:28.769" level="INFO">Start configure ip on R2
=_=_==_=_==_=_==_=_==_=_==_=_==_=_==_=_==_=_==_=_=
SSH connection established to 10.1.1.52:22
Interactive SSH session established
=_=_==_=_==_=_==_=_==_=_==_=_==_=_==_=_==_=_==_=_=
Pushing the following configuration on R2
=_=_==_=_==_=_==_=_==_=_==_=_==_=_==_=_==_=_==_=_=
Configuring config term
Enter configuration commands, one per line.  End with CNTL/Z.
R2(config)#interface lo0
R2(config-if)#                     ip address 2.2.2.2 255.255.255.255
R2(config-if)#                     exit
R2(config)#                     interface Gi2
R2(config-if)#                     ip address 10.12.12.2 255.255.255.0
R2(config-if)#                     no shut
R2(config-if)#                     exit
R2(config)#end
R2# on  router R2
=_=_==_=_==_=_==_=_==_=_==_=_==_=_==_=_==_=_==_=_=
Saving configuration on R2
=_=_==_=_==_=_==_=_==_=_==_=_==_=_==_=_==_=_==_=_=</msg>
<msg timestamp="20200330 20:10:28.770" level="INFO">${enable_ip_R2} = None</msg>
<status status="PASS" starttime="20200330 20:10:08.166" endtime="20200330 20:10:28.770"></status>
</kw>
<kw name="Enable Ip" library="enable_ip">
<arguments>
<arg>R3</arg>
</arguments>
<assign>
<var>${enable_ip_R3}</var>
</assign>
<msg timestamp="20200330 20:10:47.921" level="INFO">Start configure ip on R3
=_=_==_=_==_=_==_=_==_=_==_=_==_=_==_=_==_=_==_=_=
SSH connection established to 10.1.1.53:22
Interactive SSH session established
=_=_==_=_==_=_==_=_==_=_==_=_==_=_==_=_==_=_==_=_=
Pushing the following configuration on R3
=_=_==_=_==_=_==_=_==_=_==_=_==_=_==_=_==_=_==_=_=
Configuring config term
Enter configuration commands, one per line.  End with CNTL/Z.
R3(config)#interface lo0
R3(config-if)#                       ip address 3.3.3.3 255.255.255.255
R3(config-if)#                       exit
R3(config)#                       interface Gi3
R3(config-if)#                       ip address 10.13.13.3 255.255.255.0
R3(config-if)#                       no shut
R3(config-if)#                       exit
R3(config)#end
R3# on  router R3
=_=_==_=_==_=_==_=_==_=_==_=_==_=_==_=_==_=_==_=_=
Saving configuration on R3
=_=_==_=_==_=_==_=_==_=_==_=_==_=_==_=_==_=_==_=_=</msg>
<msg timestamp="20200330 20:10:47.921" level="INFO">${enable_ip_R3} = None</msg>
<status status="PASS" starttime="20200330 20:10:28.770" endtime="20200330 20:10:47.922"></status>
</kw>
<kw name="Log To Console" library="BuiltIn">
<doc>Logs the given message to the console.</doc>
<arguments>
<arg>${enable_ip_R1}</arg>
</arguments>
<status status="PASS" starttime="20200330 20:10:47.922" endtime="20200330 20:10:47.923"></status>
</kw>
<kw name="Log To Console" library="BuiltIn">
<doc>Logs the given message to the console.</doc>
<arguments>
<arg>${enable_ip_R2}</arg>
</arguments>
<status status="PASS" starttime="20200330 20:10:47.923" endtime="20200330 20:10:47.924"></status>
</kw>
<kw name="Log To Console" library="BuiltIn">
<doc>Logs the given message to the console.</doc>
<arguments>
<arg>${enable_ip_R3}</arg>
</arguments>
<status status="PASS" starttime="20200330 20:10:47.924" endtime="20200330 20:10:47.925"></status>
</kw>
<kw name="Enable Ospf" library="enable_ip">
<arguments>
<arg>R1</arg>
</arguments>
<assign>
<var>${enable_ospf_R1}</var>
</assign>
<msg timestamp="20200330 20:11:08.809" level="INFO">Start adding OSPF on  R1
=_=_==_=_==_=_==_=_==_=_==_=_==_=_==_=_==_=_==_=_=
SSH connection established to 10.1.1.51:22
Interactive SSH session established
=_=_==_=_==_=_==_=_==_=_==_=_==_=_==_=_==_=_==_=_=
Pushing the following configuration on R1
=_=_==_=_==_=_==_=_==_=_==_=_==_=_==_=_==_=_==_=_=
Configuring config term
Enter configuration commands, one per line.  End with CNTL/Z.
R1(config)#router ospf 1
R1(config-router)#                       router-id  1.1.1.1
R1(config-router)#                       network 1.1.1.1 0.0.0.0 area 0
R1(config-router)#                       network 10.12.12.1 0.0.0.255 area 0
R1(config-router)#                       network 10.13.13.1 0.0.0.255 area 0
R1(config-router)#                       exit
R1(config)#end
R1# on  router R1
=_=_==_=_==_=_==_=_==_=_==_=_==_=_==_=_==_=_==_=_=
Saving configuration on R1
=_=_==_=_==_=_==_=_==_=_==_=_==_=_==_=_==_=_==_=_=</msg>
<msg timestamp="20200330 20:11:08.810" level="INFO">${enable_ospf_R1} = None</msg>
<status status="PASS" starttime="20200330 20:10:47.926" endtime="20200330 20:11:08.810"></status>
</kw>
<kw name="Enable Ospf" library="enable_ip">
<arguments>
<arg>R2</arg>
</arguments>
<assign>
<var>${enable_ospf_R2}</var>
</assign>
<msg timestamp="20200330 20:11:29.246" level="INFO">Start adding OSPF on  R2
=_=_==_=_==_=_==_=_==_=_==_=_==_=_==_=_==_=_==_=_=
SSH connection established to 10.1.1.52:22
Interactive SSH session established
=_=_==_=_==_=_==_=_==_=_==_=_==_=_==_=_==_=_==_=_=
Pushing the following configuration on R2
=_=_==_=_==_=_==_=_==_=_==_=_==_=_==_=_==_=_==_=_=
Configuring config term
Enter configuration commands, one per line.  End with CNTL/Z.
R2(config)#router ospf 1
R2(config-router)#                       router-id  2.2.2.2
R2(config-router)#                       network 2.2.2.2 0.0.0.0 area 0
R2(config-router)#                       network 10.12.12.2 0.0.0.255 area 0
R2(config-router)#                       exit
R2(config)#end
R2# on  router R2
=_=_==_=_==_=_==_=_==_=_==_=_==_=_==_=_==_=_==_=_=
Saving configuration on R2
=_=_==_=_==_=_==_=_==_=_==_=_==_=_==_=_==_=_==_=_=</msg>
<msg timestamp="20200330 20:11:29.247" level="INFO">${enable_ospf_R2} = None</msg>
<status status="PASS" starttime="20200330 20:11:08.810" endtime="20200330 20:11:29.247"></status>
</kw>
<kw name="Enable Ospf" library="enable_ip">
<arguments>
<arg>R3</arg>
</arguments>
<assign>
<var>${enable_ospf_R3}</var>
</assign>
<msg timestamp="20200330 20:11:47.641" level="INFO">Start adding OSPF on  R3
=_=_==_=_==_=_==_=_==_=_==_=_==_=_==_=_==_=_==_=_=
SSH connection established to 10.1.1.53:22
Interactive SSH session established
=_=_==_=_==_=_==_=_==_=_==_=_==_=_==_=_==_=_==_=_=
Pushing the following configuration on R3
=_=_==_=_==_=_==_=_==_=_==_=_==_=_==_=_==_=_==_=_=
Configuring config term
Enter configuration commands, one per line.  End with CNTL/Z.
R3(config)#router ospf 1
R3(config-router)#                       router-id  3.3.3.3
R3(config-router)#                       network 3.3.3.3 0.0.0.0 area 0
R3(config-router)#                       network 10.13.13.3 0.0.0.255 area 0
R3(config-router)#                       exit
R3(config)#end
R3# on  router R3
=_=_==_=_==_=_==_=_==_=_==_=_==_=_==_=_==_=_==_=_=
Saving configuration on R3
=_=_==_=_==_=_==_=_==_=_==_=_==_=_==_=_==_=_==_=_=</msg>
<msg timestamp="20200330 20:11:47.641" level="INFO">${enable_ospf_R3} = None</msg>
<status status="PASS" starttime="20200330 20:11:29.247" endtime="20200330 20:11:47.641"></status>
</kw>
<kw name="Log To Console" library="BuiltIn">
<doc>Logs the given message to the console.</doc>
<arguments>
<arg>${enable_ospf_R1}</arg>
</arguments>
<status status="PASS" starttime="20200330 20:11:47.642" endtime="20200330 20:11:47.643"></status>
</kw>
<kw name="Log To Console" library="BuiltIn">
<doc>Logs the given message to the console.</doc>
<arguments>
<arg>${enable_ospf_R2}</arg>
</arguments>
<status status="PASS" starttime="20200330 20:11:47.643" endtime="20200330 20:11:47.644"></status>
</kw>
<kw name="Log To Console" library="BuiltIn">
<doc>Logs the given message to the console.</doc>
<arguments>
<arg>${enable_ospf_R3}</arg>
</arguments>
<status status="PASS" starttime="20200330 20:11:47.645" endtime="20200330 20:11:47.645"></status>
</kw>
<status status="PASS" starttime="20200330 20:09:47.034" endtime="20200330 20:11:47.646"></status>
</kw>
<doc>ip and ospf configuration</doc>
<status status="PASS" starttime="20200330 20:09:47.033" endtime="20200330 20:11:47.646" critical="yes"></status>
</test>
<doc>A test suit for configuring ospf</doc>
<metadata>
<item name="Version">1.0
Author Kadhim Alaarajee
Date Mar 30 2020
Topology:-
________________________________
| R1 OSPF |
| /| AREA 0 |
| / |  |
| / |  |
| / |  |
| / |  |
|_____ R2_/____ |___ R3_______|
Sw2
|
|
|
___Internet___ Sw1 ___Management___
</item>
</metadata>
<status status="PASS" starttime="20200330 20:08:24.814" endtime="20200330 20:11:47.648"></status>
</suite>
<status status="PASS" starttime="20200330 20:01:36.968" endtime="20200330 20:11:47.653"></status>
</suite>
<statistics>
<total>
<stat pass="3" fail="0">Critical Tests</stat>
<stat pass="3" fail="0">All Tests</stat>
</total>
<tag>
</tag>
<suite>
<stat pass="3" fail="0" id="s1" name="Configure ospf">Configure ospf</stat>
<stat pass="1" fail="0" id="s1-s1" name="EVE NG">Configure ospf.EVE NG</stat>
<stat pass="2" fail="0" id="s1-s2" name="Ssh">Configure ospf.Ssh</stat>
</suite>
</statistics>
<errors>
</errors>
</robot>
